<?xml version="1.0" encoding="UTF-8"?>
<!-- Generated by org.testng.reporters.JUnitXMLReporter -->
<testsuite ignored="1" hostname="DESKTOP-QHEU55U" failures="0" tests="2" name="Test" time="2.653" errors="0" timestamp="2021-02-09T21:12:20 IST">
  <testcase classname="LetCode.Input" name="inputTest" time="1.603"/>
  <testcase classname="LetCode.Buttons" name="test2" time="0.986"/>
  <testcase classname="LetCode.Base" name="@BeforeSuite setUP" time="0.0">
    <ignored/>
  </testcase> <!-- @BeforeSuite setUP -->
</testsuite> <!-- Test -->
