<?xml version="1.0" encoding="UTF-8"?>
<testng-results ignored="1" total="3" passed="2" failed="0" skipped="0">
  <reporter-output>
  </reporter-output>
  <suite started-at="2021-02-09T21:12:17 IST" name="Suite" finished-at="2021-02-09T21:12:19 IST" duration-ms="2653">
    <groups>
    </groups>
    <test started-at="2021-02-09T21:12:17 IST" name="Test" finished-at="2021-02-09T21:12:19 IST" duration-ms="2653">
      <class name="LetCode.Input">
        <test-method is-config="true" signature="setUP()[pri:0, instance:LetCode.Input@2accdbb5]" started-at="2021-02-09T21:11:56 IST" name="setUP" finished-at="2021-02-09T21:12:17 IST" duration-ms="20989" status="PASS">
          <reporter-output>
          </reporter-output>
        </test-method> <!-- setUP -->
        <test-method signature="inputTest()[pri:0, instance:LetCode.Input@2accdbb5]" started-at="2021-02-09T21:12:17 IST" name="inputTest" finished-at="2021-02-09T21:12:18 IST" duration-ms="1603" status="PASS">
          <reporter-output>
          </reporter-output>
        </test-method> <!-- inputTest -->
      </class> <!-- LetCode.Input -->
      <class name="LetCode.Buttons">
        <test-method signature="test2()[pri:0, instance:LetCode.Buttons@b62d79]" started-at="2021-02-09T21:12:18 IST" name="test2" finished-at="2021-02-09T21:12:19 IST" duration-ms="986" status="PASS">
          <reporter-output>
          </reporter-output>
        </test-method> <!-- test2 -->
      </class> <!-- LetCode.Buttons -->
    </test> <!-- Test -->
  </suite> <!-- Suite -->
</testng-results>
